<?xml version="1.0" encoding="UTF-8"?>
<testsuites>
  <testsuite name="RolTest" file="C:\xampp\htdocs\SistemaHotel-PHP\tests\Unit\RolTest.php" tests="4" assertions="5" errors="0" failures="3" skipped="0" time="0.107489">
    <testcase name="testValidarNombreValido" file="C:\xampp\htdocs\SistemaHotel-PHP\tests\Unit\RolTest.php" line="18" class="RolTest" classname="RolTest" assertions="1" time="0.095879">
      <failure type="PHPUnit\Framework\ExpectationFailedException">RolTest::testValidarNombreValido&#13;
Failed asserting that false is true.
&#13;
C:\xampp\htdocs\SistemaHotel-PHP\tests\Unit\RolTest.php:20</failure>
    </testcase>
    <testcase name="testValidarNombreInvalido" file="C:\xampp\htdocs\SistemaHotel-PHP\tests\Unit\RolTest.php" line="23" class="RolTest" classname="RolTest" assertions="1" time="0.003292"/>
    <testcase name="testValidarLongitudCorrecta" file="C:\xampp\htdocs\SistemaHotel-PHP\tests\Unit\RolTest.php" line="28" class="RolTest" classname="RolTest" assertions="1" time="0.003609">
      <failure type="PHPUnit\Framework\ExpectationFailedException">RolTest::testValidarLongitudCorrecta&#13;
Failed asserting that false is true.
&#13;
C:\xampp\htdocs\SistemaHotel-PHP\tests\Unit\RolTest.php:30</failure>
    </testcase>
    <testcase name="testValidarLongitudIncorrecta" file="C:\xampp\htdocs\SistemaHotel-PHP\tests\Unit\RolTest.php" line="33" class="RolTest" classname="RolTest" assertions="2" time="0.004708">
      <failure type="PHPUnit\Framework\ExpectationFailedException">RolTest::testValidarLongitudIncorrecta&#13;
Failed asserting that true is false.
&#13;
C:\xampp\htdocs\SistemaHotel-PHP\tests\Unit\RolTest.php:36</failure>
    </testcase>
  </testsuite>
</testsuites>
